<?xml version="1.0" encoding="UTF-8"?>
<!-- Generated by org.testng.reporters.JUnitReportReporter -->
<testsuite hostname="DESKTOP-3BPQ3RI" failures="0" tests="5" name="tests.SampleAPITest" time="3.847" errors="0" timestamp="2024-02-03T16:39:21 EST" skipped="0">
  <testcase classname="tests.SampleAPITest" name="createPostTest" time="3.101"/>
  <system-out/>
  <testcase classname="tests.SampleAPITest" name="deletePostTest" time="0.177"/>
  <system-out/>
  <testcase classname="tests.SampleAPITest" name="updatePostTest" time="0.192"/>
  <system-out/>
  <testcase classname="tests.SampleAPITest" name="getPostsTest" time="0.226"/>
  <system-out/>
  <testcase classname="tests.SampleAPITest" name="getSinglePostTest" time="0.151"/>
  <system-out/>
</testsuite> <!-- tests.SampleAPITest -->
